{
  "RSpec": {
    "coverage": {
      "/Users/hbalenda/Projects/blocmetrics/spec/controllers/registered_apps_controller_spec.rb": [
        1,
        1,
        9,
        9,
        9,
        9,
        null,
        null,
        1,
        1,
        1,
        1,
        null,
        null,
        1,
        1,
        1,
        null,
        null,
        null,
        1,
        1,
        1,
        1,
        null,
        null,
        1,
        1,
        1,
        null,
        null,
        1,
        1,
        1,
        null,
        null,
        null,
        1,
        1,
        2,
        null,
        null,
        1,
        1,
        1,
        null,
        null,
        null,
        1,
        1,
        1,
        1,
        1,
        null,
        null,
        1,
        1,
        1,
        null,
        null,
        null
      ],
      "/Users/hbalenda/Projects/blocmetrics/app/controllers/registered_apps_controller.rb": [
        1,
        null,
        null,
        1,
        2,
        2,
        null,
        null,
        1,
        3,
        3,
        3,
        null,
        null,
        1,
        0,
        null,
        null,
        1,
        2,
        2,
        2,
        2,
        null,
        0,
        0,
        null,
        null,
        null,
        1,
        2,
        2,
        2,
        null,
        null,
        null,
        1,
        null,
        1,
        2,
        null,
        null
      ],
      "/Users/hbalenda/Projects/blocmetrics/app/controllers/application_controller.rb": [
        1,
        1,
        1,
        1,
        null,
        1,
        0,
        0,
        0,
        null,
        null
      ],
      "/Users/hbalenda/Projects/blocmetrics/spec/models/event_spec.rb": [
        1,
        null,
        1,
        2,
        2,
        null
      ],
      "/Users/hbalenda/Projects/blocmetrics/app/models/event.rb": [
        1,
        1,
        null
      ],
      "/Users/hbalenda/Projects/blocmetrics/spec/models/registered_app_spec.rb": [
        1,
        null,
        1,
        2,
        2,
        2,
        null
      ],
      "/Users/hbalenda/Projects/blocmetrics/app/models/registered_app.rb": [
        1,
        1,
        1,
        21,
        1,
        null
      ],
      "/Users/hbalenda/Projects/blocmetrics/spec/models/user_spec.rb": [
        1,
        null,
        1,
        2,
        null
      ]
    },
    "timestamp": 1457555812
  }
}
